1720206385104	geckodriver	INFO	Listening on 127.0.0.1:57675
1720206388326	mozrunner::runner	INFO	Running command: "C:\\Users\\user\\.cache\\selenium\\firefox\\win64\\127.0.2\\firefox.exe" "--marionette" "--remote-debugging ... 76" "--remote-allow-hosts" "localhost" "-no-remote" "-profile" "C:\\Users\\user\\AppData\\Local\\Temp\\rust_mozprofileeBdlh9"
console.warn: services.settings: Ignoring preference override of remote settings server
console.warn: services.settings: Allow by setting MOZ_REMOTE_SETTINGS_DEVTOOLS=1 in the environment
Dynamically enable window occlusion 0
1720206388944	Marionette	INFO	Marionette enabled
1720206389110	Marionette	INFO	Listening on port 57696
WebDriver BiDi listening on ws://127.0.0.1:57676
Read port: 57696
1720206389331	RemoteAgent	WARN	TLS certificate errors will be ignored for this session
DevTools listening on ws://127.0.0.1:57676/devtools/browser/0da2aec9-bf39-419b-a83f-a88644d6b53b
JavaScript warning: https://static.getbutton.io/widget-send-button/js/init.js, line 2: unreachable code after return statement
JavaScript warning: https://nitroscripts.com/xCAsbNxHXJRsdeHsZORMtXBORsPzQRzr, line 1: Script terminated by timeout at:
e@https://nitroscripts.com/xCAsbNxHXJRsdeHsZORMtXBORsPzQRzr:1:36
U@https://nitroscripts.com/xCAsbNxHXJRsdeHsZORMtXBORsPzQRzr:1:37352
hn/<@https://nitroscripts.com/xCAsbNxHXJRsdeHsZORMtXBORsPzQRzr:1:40939
Nt@https://nitroscripts.com/xCAsbNxHXJRsdeHsZORMtXBORsPzQRzr:1:19777
Tn/<@https://nitroscripts.com/xCAsbNxHXJRsdeHsZORMtXBORsPzQRzr:1:46095

1720206413923	Marionette	INFO	Stopped listening on port 57696
Dynamically enable window occlusion 1
